<?xml version="1.0" encoding="UTF-8"?>
<testng-results ignored="0" total="1" passed="1" failed="0" skipped="0">
  <reporter-output>
  </reporter-output>
  <suite started-at="2023-03-13T12:02:03 IST" name="Suite" finished-at="2023-03-13T12:02:37 IST" duration-ms="33141">
    <groups>
    </groups>
    <test started-at="2023-03-13T12:02:03 IST" name="Test_Chrome" finished-at="2023-03-13T12:02:37 IST" duration-ms="33141">
      <class name="testCases.TC_007_CheckoutTest">
        <test-method is-config="true" signature="setup(java.lang.String)[pri:0, instance:testCases.TC_007_CheckoutTest@3e27ba32]" started-at="2023-03-13T12:02:03 IST" name="setup" finished-at="2023-03-13T12:02:11 IST" duration-ms="7382" status="PASS">
          <params>
            <param index="0">
              <value>
                <![CDATA[chrome]]>
              </value>
            </param>
          </params>
          <reporter-output>
          </reporter-output>
        </test-method> <!-- setup -->
        <test-method signature="testCheckout()[pri:0, instance:testCases.TC_007_CheckoutTest@3e27ba32]" started-at="2023-03-13T12:02:11 IST" name="testCheckout" finished-at="2023-03-13T12:02:36 IST" duration-ms="25671" status="PASS">
          <reporter-output>
          </reporter-output>
        </test-method> <!-- testCheckout -->
        <test-method is-config="true" signature="tearDown()[pri:0, instance:testCases.TC_007_CheckoutTest@3e27ba32]" started-at="2023-03-13T12:02:36 IST" name="tearDown" finished-at="2023-03-13T12:02:37 IST" duration-ms="8" status="PASS">
          <reporter-output>
          </reporter-output>
        </test-method> <!-- tearDown -->
      </class> <!-- testCases.TC_007_CheckoutTest -->
    </test> <!-- Test_Chrome -->
  </suite> <!-- Suite -->
</testng-results>
